# JRE version: OpenJDK Runtime Environment Temurin-21.0.8+9 (21.0.8+9) (build 21.0.8+9-LTS)
# Java VM: OpenJDK 64-Bit Server VM Temurin-21.0.8+9 (21.0.8+9-LTS, mixed mode, sharing, tiered, compressed oops, compressed class ptrs, parallel gc, windows-amd64)
GC Precious Log:
 CardTable entry size: 512
 CPUs: 8 total, 8 available
 Memory: 24524M
 Large Page Support: Disabled
 NUMA Support: Disabled
 Compressed Oops: Enabled (32-bit)
 Alignments: Space 512K, Generation 512K, Heap 2M
 Heap Min Capacity: 100M
 Heap Initial Capacity: 100M
 Heap Max Capacity: 2G
 Pre-touch: Disabled
 Parallel Workers: 8
Heap:
 PSYoungGen      total 8704K, used 7922K [0x00000000d5580000, 0x00000000d6000000, 0x0000000100000000)
  eden space 6656K, 100% used [0x00000000d5580000,0x00000000d5c00000,0x00000000d5c00000)
  from space 2048K, 61% used [0x00000000d5d80000,0x00000000d5ebc920,0x00000000d5f80000)
  to   space 1536K, 31% used [0x00000000d5c00000,0x00000000d5c7a400,0x00000000d5d80000)
 ParOldGen       total 978944K, used 978943K [0x0000000080000000, 0x00000000bbc00000, 0x00000000d5580000)
  object space 978944K, 99% used [0x0000000080000000,0x00000000bbbffef8,0x00000000bbc00000)
 Metaspace       used 113077K, committed 115200K, reserved 1179648K
  class space    used 11472K, committed 12608K, reserved 1048576K
GC Heap History (20 events):
Event: 13289.449 GC heap after
{Heap after GC invocations=9264 (full 10):
 PSYoungGen      total 8192K, used 4064K [0x00000000d5580000, 0x00000000d6600000, 0x0000000100000000)
  eden space 4096K, 0% used [0x00000000d5580000,0x00000000d5580000,0x00000000d5980000)
  from space 4096K, 99% used [0x00000000d5f00000,0x00000000d62f81e8,0x00000000d6300000)
  to   space 5632K, 0% used [0x00000000d5980000,0x00000000d5980000,0x00000000d5f00000)
 ParOldGen       total 967168K, used 966810K [0x0000000080000000, 0x00000000bb080000, 0x00000000d5580000)
  object space 967168K, 99% used [0x0000000080000000,0x00000000bb026938,0x00000000bb080000)
 Metaspace       used 113076K, committed 115200K, reserved 1179648K
  class space    used 11472K, committed 12608K, reserved 1048576K
}
Event: 13289.479 GC heap before
{Heap before GC invocations=9265 (full 10):
 PSYoungGen      total 8192K, used 8159K [0x00000000d5580000, 0x00000000d6600000, 0x0000000100000000)
  eden space 4096K, 99% used [0x00000000d5580000,0x00000000d597fa60,0x00000000d5980000)
  from space 4096K, 99% used [0x00000000d5f00000,0x00000000d62f81e8,0x00000000d6300000)
  to   space 5632K, 0% used [0x00000000d5980000,0x00000000d5980000,0x00000000d5f00000)
 ParOldGen       total 967168K, used 966810K [0x0000000080000000, 0x00000000bb080000, 0x00000000d5580000)
  object space 967168K, 99% used [0x0000000080000000,0x00000000bb026938,0x00000000bb080000)
 Metaspace       used 113076K, committed 115200K, reserved 1179648K
  class space    used 11472K, committed 12608K, reserved 1048576K
}
Event: 13289.484 GC heap after
{Heap after GC invocations=9265 (full 10):
 PSYoungGen      total 7168K, used 2749K [0x00000000d5580000, 0x00000000d6180000, 0x0000000100000000)
  eden space 4096K, 0% used [0x00000000d5580000,0x00000000d5580000,0x00000000d5980000)
  from space 3072K, 89% used [0x00000000d5980000,0x00000000d5c2f738,0x00000000d5c80000)
  to   space 4096K, 0% used [0x00000000d5d80000,0x00000000d5d80000,0x00000000d6180000)
 ParOldGen       total 971264K, used 970795K [0x0000000080000000, 0x00000000bb480000, 0x00000000d5580000)
  object space 971264K, 99% used [0x0000000080000000,0x00000000bb40af70,0x00000000bb480000)
 Metaspace       used 113076K, committed 115200K, reserved 1179648K
  class space    used 11472K, committed 12608K, reserved 1048576K
}
Event: 13289.497 GC heap before
{Heap before GC invocations=9266 (full 10):
 PSYoungGen      total 7168K, used 6845K [0x00000000d5580000, 0x00000000d6180000, 0x0000000100000000)
  eden space 4096K, 100% used [0x00000000d5580000,0x00000000d5980000,0x00000000d5980000)
  from space 3072K, 89% used [0x00000000d5980000,0x00000000d5c2f738,0x00000000d5c80000)
  to   space 4096K, 0% used [0x00000000d5d80000,0x00000000d5d80000,0x00000000d6180000)
 ParOldGen       total 971264K, used 970795K [0x0000000080000000, 0x00000000bb480000, 0x00000000d5580000)
  object space 971264K, 99% used [0x0000000080000000,0x00000000bb40af70,0x00000000bb480000)
 Metaspace       used 113076K, committed 115200K, reserved 1179648K
  class space    used 11472K, committed 12608K, reserved 1048576K
}
Event: 13289.503 GC heap after
{Heap after GC invocations=9266 (full 10):
 PSYoungGen      total 5632K, used 1438K [0x00000000d5580000, 0x00000000d5f00000, 0x0000000100000000)
  eden space 4096K, 0% used [0x00000000d5580000,0x00000000d5580000,0x00000000d5980000)
  from space 1536K, 93% used [0x00000000d5d80000,0x00000000d5ee7b30,0x00000000d5f00000)
  to   space 2560K, 0% used [0x00000000d5a00000,0x00000000d5a00000,0x00000000d5c80000)
 ParOldGen       total 973824K, used 973413K [0x0000000080000000, 0x00000000bb700000, 0x00000000d5580000)
  object space 973824K, 99% used [0x0000000080000000,0x00000000bb699440,0x00000000bb700000)
 Metaspace       used 113076K, committed 115200K, reserved 1179648K
  class space    used 11472K, committed 12608K, reserved 1048576K
}
Event: 13289.638 GC heap before
{Heap before GC invocations=9267 (full 10):
 PSYoungGen      total 5632K, used 5534K [0x00000000d5580000, 0x00000000d5f00000, 0x0000000100000000)
  eden space 4096K, 100% used [0x00000000d5580000,0x00000000d5980000,0x00000000d5980000)
  from space 1536K, 93% used [0x00000000d5d80000,0x00000000d5ee7b30,0x00000000d5f00000)
  to   space 2560K, 0% used [0x00000000d5a00000,0x00000000d5a00000,0x00000000d5c80000)
 ParOldGen       total 973824K, used 973413K [0x0000000080000000, 0x00000000bb700000, 0x00000000d5580000)
  object space 973824K, 99% used [0x0000000080000000,0x00000000bb699440,0x00000000bb700000)
 Metaspace       used 113076K, committed 115200K, reserved 1179648K
  class space    used 11472K, committed 12608K, reserved 1048576K
}
Event: 13289.642 GC heap after
{Heap after GC invocations=9267 (full 10):
 PSYoungGen      total 6656K, used 756K [0x00000000d5580000, 0x00000000d5e00000, 0x0000000100000000)
  eden space 4096K, 0% used [0x00000000d5580000,0x00000000d5580000,0x00000000d5980000)
  from space 2560K, 29% used [0x00000000d5a00000,0x00000000d5abd200,0x00000000d5c80000)
  to   space 1536K, 0% used [0x00000000d5c80000,0x00000000d5c80000,0x00000000d5e00000)
 ParOldGen       total 974336K, used 974101K [0x0000000080000000, 0x00000000bb780000, 0x00000000d5580000)
  object space 974336K, 99% used [0x0000000080000000,0x00000000bb745440,0x00000000bb780000)
 Metaspace       used 113076K, committed 115200K, reserved 1179648K
  class space    used 11472K, committed 12608K, reserved 1048576K
}
Event: 13289.650 GC heap before
{Heap before GC invocations=9268 (full 10):
 PSYoungGen      total 6656K, used 4852K [0x00000000d5580000, 0x00000000d5e00000, 0x0000000100000000)
  eden space 4096K, 99% used [0x00000000d5580000,0x00000000d597fff8,0x00000000d5980000)
  from space 2560K, 29% used [0x00000000d5a00000,0x00000000d5abd200,0x00000000d5c80000)
  to   space 1536K, 0% used [0x00000000d5c80000,0x00000000d5c80000,0x00000000d5e00000)
 ParOldGen       total 974336K, used 974101K [0x0000000080000000, 0x00000000bb780000, 0x00000000d5580000)
  object space 974336K, 99% used [0x0000000080000000,0x00000000bb745440,0x00000000bb780000)
 Metaspace       used 113076K, committed 115200K, reserved 1179648K
  class space    used 11472K, committed 12608K, reserved 1048576K
}
Event: 13289.654 GC heap after
{Heap after GC invocations=9268 (full 10):
 PSYoungGen      total 4608K, used 436K [0x00000000d5580000, 0x00000000d5d00000, 0x0000000100000000)
  eden space 4096K, 0% used [0x00000000d5580000,0x00000000d5580000,0x00000000d5980000)
  from space 512K, 85% used [0x00000000d5c80000,0x00000000d5ced200,0x00000000d5d00000)
  to   space 1024K, 0% used [0x00000000d5b00000,0x00000000d5b00000,0x00000000d5c00000)
 ParOldGen       total 974848K, used 974765K [0x0000000080000000, 0x00000000bb800000, 0x00000000d5580000)
  object space 974848K, 99% used [0x0000000080000000,0x00000000bb7eb650,0x00000000bb800000)
 Metaspace       used 113076K, committed 115200K, reserved 1179648K
  class space    used 11472K, committed 12608K, reserved 1048576K
}
Event: 13289.657 GC heap before
{Heap before GC invocations=9269 (full 10):
 PSYoungGen      total 4608K, used 4532K [0x00000000d5580000, 0x00000000d5d00000, 0x0000000100000000)
  eden space 4096K, 100% used [0x00000000d5580000,0x00000000d5980000,0x00000000d5980000)
  from space 512K, 85% used [0x00000000d5c80000,0x00000000d5ced200,0x00000000d5d00000)
  to   space 1024K, 0% used [0x00000000d5b00000,0x00000000d5b00000,0x00000000d5c00000)
 ParOldGen       total 974848K, used 974765K [0x0000000080000000, 0x00000000bb800000, 0x00000000d5580000)
  object space 974848K, 99% used [0x0000000080000000,0x00000000bb7eb650,0x00000000bb800000)
 Metaspace       used 113076K, committed 115200K, reserved 1179648K
  class space    used 11472K, committed 12608K, reserved 1048576K
}
Event: 13289.660 GC heap after
{Heap after GC invocations=9269 (full 10):
 PSYoungGen      total 6144K, used 244K [0x00000000d5580000, 0x00000000d5d00000, 0x0000000100000000)
  eden space 5120K, 0% used [0x00000000d5580000,0x00000000d5580000,0x00000000d5a80000)
  from space 1024K, 23% used [0x00000000d5b00000,0x00000000d5b3d200,0x00000000d5c00000)
  to   space 512K, 0% used [0x00000000d5c80000,0x00000000d5c80000,0x00000000d5d00000)
 ParOldGen       total 975360K, used 975075K [0x0000000080000000, 0x00000000bb880000, 0x00000000d5580000)
  object space 975360K, 99% used [0x0000000080000000,0x00000000bb838fa0,0x00000000bb880000)
 Metaspace       used 113076K, committed 115200K, reserved 1179648K
  class space    used 11472K, committed 12608K, reserved 1048576K
}
Event: 13289.668 GC heap before
{Heap before GC invocations=9270 (full 10):
 PSYoungGen      total 6144K, used 5364K [0x00000000d5580000, 0x00000000d5d00000, 0x0000000100000000)
  eden space 5120K, 100% used [0x00000000d5580000,0x00000000d5a80000,0x00000000d5a80000)
  from space 1024K, 23% used [0x00000000d5b00000,0x00000000d5b3d200,0x00000000d5c00000)
  to   space 512K, 0% used [0x00000000d5c80000,0x00000000d5c80000,0x00000000d5d00000)
 ParOldGen       total 975360K, used 975075K [0x0000000080000000, 0x00000000bb880000, 0x00000000d5580000)
  object space 975360K, 99% used [0x0000000080000000,0x00000000bb838fa0,0x00000000bb880000)
 Metaspace       used 113076K, committed 115200K, reserved 1179648K
  class space    used 11472K, committed 12608K, reserved 1048576K
}
Event: 13289.672 GC heap after
{Heap after GC invocations=9270 (full 10):
 PSYoungGen      total 6656K, used 511K [0x00000000d5580000, 0x00000000d5d80000, 0x0000000100000000)
  eden space 6144K, 0% used [0x00000000d5580000,0x00000000d5580000,0x00000000d5b80000)
  from space 512K, 99% used [0x00000000d5c80000,0x00000000d5cffd60,0x00000000d5d00000)
  to   space 1024K, 0% used [0x00000000d5b80000,0x00000000d5b80000,0x00000000d5c80000)
 ParOldGen       total 975360K, used 975139K [0x0000000080000000, 0x00000000bb880000, 0x00000000d5580000)
  object space 975360K, 99% used [0x0000000080000000,0x00000000bb848fa0,0x00000000bb880000)
 Metaspace       used 113076K, committed 115200K, reserved 1179648K
  class space    used 11472K, committed 12608K, reserved 1048576K
}
Event: 13289.681 GC heap before
{Heap before GC invocations=9271 (full 10):
 PSYoungGen      total 6656K, used 6655K [0x00000000d5580000, 0x00000000d5d80000, 0x0000000100000000)
  eden space 6144K, 100% used [0x00000000d5580000,0x00000000d5b80000,0x00000000d5b80000)
  from space 512K, 99% used [0x00000000d5c80000,0x00000000d5cffd60,0x00000000d5d00000)
  to   space 1024K, 0% used [0x00000000d5b80000,0x00000000d5b80000,0x00000000d5c80000)
 ParOldGen       total 975360K, used 975139K [0x0000000080000000, 0x00000000bb880000, 0x00000000d5580000)
  object space 975360K, 99% used [0x0000000080000000,0x00000000bb848fa0,0x00000000bb880000)
 Metaspace       used 113076K, committed 115200K, reserved 1179648K
  class space    used 11472K, committed 12608K, reserved 1048576K
}
Event: 13291.706 GC heap after
{Heap after GC invocations=9271 (full 10):
 PSYoungGen      total 7168K, used 864K [0x00000000d5580000, 0x00000000d5d80000, 0x0000000100000000)
  eden space 6144K, 0% used [0x00000000d5580000,0x00000000d5580000,0x00000000d5b80000)
  from space 1024K, 84% used [0x00000000d5b80000,0x00000000d5c58000,0x00000000d5c80000)
  to   space 512K, 0% used [0x00000000d5c80000,0x00000000d5c80000,0x00000000d5d00000)
 ParOldGen       total 975872K, used 975555K [0x0000000080000000, 0x00000000bb900000, 0x00000000d5580000)
  object space 975872K, 99% used [0x0000000080000000,0x00000000bb8b0d00,0x00000000bb900000)
 Metaspace       used 113076K, committed 115200K, reserved 1179648K
  class space    used 11472K, committed 12608K, reserved 1048576K
}
Event: 13291.717 GC heap before
{Heap before GC invocations=9272 (full 10):
 PSYoungGen      total 7168K, used 7008K [0x00000000d5580000, 0x00000000d5d80000, 0x0000000100000000)
  eden space 6144K, 100% used [0x00000000d5580000,0x00000000d5b80000,0x00000000d5b80000)
  from space 1024K, 84% used [0x00000000d5b80000,0x00000000d5c58000,0x00000000d5c80000)
  to   space 512K, 0% used [0x00000000d5c80000,0x00000000d5c80000,0x00000000d5d00000)
 ParOldGen       total 975872K, used 975555K [0x0000000080000000, 0x00000000bb900000, 0x00000000d5580000)
  object space 975872K, 99% used [0x0000000080000000,0x00000000bb8b0d00,0x00000000bb900000)
 Metaspace       used 113076K, committed 115200K, reserved 1179648K
  class space    used 11472K, committed 12608K, reserved 1048576K
}
Event: 13293.726 GC heap after
{Heap after GC invocations=9272 (full 10):
 PSYoungGen      total 6656K, used 512K [0x00000000d5580000, 0x00000000d5d80000, 0x0000000100000000)
  eden space 6144K, 0% used [0x00000000d5580000,0x00000000d5580000,0x00000000d5b80000)
  from space 512K, 100% used [0x00000000d5c80000,0x00000000d5d00000,0x00000000d5d00000)
  to   space 1024K, 0% used [0x00000000d5b80000,0x00000000d5b80000,0x00000000d5c80000)
 ParOldGen       total 976896K, used 976615K [0x0000000080000000, 0x00000000bba00000, 0x00000000d5580000)
  object space 976896K, 99% used [0x0000000080000000,0x00000000bb9b9d40,0x00000000bba00000)
 Metaspace       used 113076K, committed 115200K, reserved 1179648K
  class space    used 11472K, committed 12608K, reserved 1048576K
}
Event: 13293.737 GC heap before
{Heap before GC invocations=9273 (full 10):
 PSYoungGen      total 6656K, used 6656K [0x00000000d5580000, 0x00000000d5d80000, 0x0000000100000000)
  eden space 6144K, 100% used [0x00000000d5580000,0x00000000d5b80000,0x00000000d5b80000)
  from space 512K, 100% used [0x00000000d5c80000,0x00000000d5d00000,0x00000000d5d00000)
  to   space 1024K, 0% used [0x00000000d5b80000,0x00000000d5b80000,0x00000000d5c80000)
 ParOldGen       total 976896K, used 976615K [0x0000000080000000, 0x00000000bba00000, 0x00000000d5580000)
  object space 976896K, 99% used [0x0000000080000000,0x00000000bb9b9d40,0x00000000bba00000)
 Metaspace       used 113076K, committed 115200K, reserved 1179648K
  class space    used 11472K, committed 12608K, reserved 1048576K
}
Event: 13293.742 GC heap after
{Heap after GC invocations=9273 (full 10):
 PSYoungGen      total 7168K, used 1024K [0x00000000d5580000, 0x00000000d5f80000, 0x0000000100000000)
  eden space 6144K, 0% used [0x00000000d5580000,0x00000000d5580000,0x00000000d5b80000)
  from space 1024K, 100% used [0x00000000d5b80000,0x00000000d5c80000,0x00000000d5c80000)
  to   space 2048K, 0% used [0x00000000d5d80000,0x00000000d5d80000,0x00000000d5f80000)
 ParOldGen       total 977920K, used 977459K [0x0000000080000000, 0x00000000bbb00000, 0x00000000d5580000)
  object space 977920K, 99% used [0x0000000080000000,0x00000000bba8cd70,0x00000000bbb00000)
 Metaspace       used 113076K, committed 115200K, reserved 1179648K
  class space    used 11472K, committed 12608K, reserved 1048576K
}
Event: 13293.754 GC heap before
{Heap before GC invocations=9274 (full 10):
 PSYoungGen      total 7168K, used 7168K [0x00000000d5580000, 0x00000000d5f80000, 0x0000000100000000)
  eden space 6144K, 100% used [0x00000000d5580000,0x00000000d5b80000,0x00000000d5b80000)
  from space 1024K, 100% used [0x00000000d5b80000,0x00000000d5c80000,0x00000000d5c80000)
  to   space 2048K, 0% used [0x00000000d5d80000,0x00000000d5d80000,0x00000000d5f80000)
 ParOldGen       total 977920K, used 977459K [0x0000000080000000, 0x00000000bbb00000, 0x00000000d5580000)
  object space 977920K, 99% used [0x0000000080000000,0x00000000bba8cd70,0x00000000bbb00000)
 Metaspace       used 113077K, committed 115200K, reserved 1179648K
  class space    used 11472K, committed 12608K, reserved 1048576K
}

