# JRE version: OpenJDK Runtime Environment Temurin-21.0.8+9 (21.0.8+9) (build 21.0.8+9-LTS)
# Java VM: OpenJDK 64-Bit Server VM Temurin-21.0.8+9 (21.0.8+9-LTS, mixed mode, sharing, tiered, compressed oops, compressed class ptrs, parallel gc, windows-amd64)
GC Precious Log:
 CardTable entry size: 512
 CPUs: 8 total, 8 available
 Memory: 24524M
 Large Page Support: Disabled
 NUMA Support: Disabled
 Compressed Oops: Enabled (32-bit)
 Alignments: Space 512K, Generation 512K, Heap 2M
 Heap Min Capacity: 100M
 Heap Initial Capacity: 100M
 Heap Max Capacity: 2G
 Pre-touch: Disabled
 Parallel Workers: 8
Heap:
 PSYoungGen      total 9216K, used 4262K [0x00000000d5580000, 0x00000000d6200000, 0x0000000100000000)
  eden space 8704K, 47% used [0x00000000d5580000,0x00000000d5989a98,0x00000000d5e00000)
  from space 512K, 25% used [0x00000000d6180000,0x00000000d61a0000,0x00000000d6200000)
  to   space 512K, 0% used [0x00000000d6100000,0x00000000d6100000,0x00000000d6180000)
 ParOldGen       total 901120K, used 900888K [0x0000000080000000, 0x00000000b7000000, 0x00000000d5580000)
  object space 901120K, 99% used [0x0000000080000000,0x00000000b6fc61d0,0x00000000b7000000)
 Metaspace       used 117961K, committed 120128K, reserved 1179648K
  class space    used 11793K, committed 12800K, reserved 1048576K
GC Heap History (20 events):
Event: 3808.493 GC heap before
{Heap before GC invocations=9650 (full 12):
 PSYoungGen      total 9216K, used 9183K [0x00000000d5580000, 0x00000000d6000000, 0x0000000100000000)
  eden space 8704K, 99% used [0x00000000d5580000,0x00000000d5dfffa8,0x00000000d5e00000)
  from space 512K, 93% used [0x00000000d5f80000,0x00000000d5ff8000,0x00000000d6000000)
  to   space 1024K, 0% used [0x00000000d5e00000,0x00000000d5e00000,0x00000000d5f00000)
 ParOldGen       total 889344K, used 889280K [0x0000000080000000, 0x00000000b6480000, 0x00000000d5580000)
  object space 889344K, 99% used [0x0000000080000000,0x00000000b64700b0,0x00000000b6480000)
 Metaspace       used 117950K, committed 120128K, reserved 1179648K
  class space    used 11793K, committed 12800K, reserved 1048576K
}
Event: 3808.497 GC heap after
{Heap after GC invocations=9650 (full 12):
 PSYoungGen      total 9728K, used 802K [0x00000000d5580000, 0x00000000d6000000, 0x0000000100000000)
  eden space 8704K, 0% used [0x00000000d5580000,0x00000000d5580000,0x00000000d5e00000)
  from space 1024K, 78% used [0x00000000d5e00000,0x00000000d5ec8810,0x00000000d5f00000)
  to   space 1024K, 0% used [0x00000000d5f00000,0x00000000d5f00000,0x00000000d6000000)
 ParOldGen       total 889856K, used 889669K [0x0000000080000000, 0x00000000b6500000, 0x00000000d5580000)
  object space 889856K, 99% used [0x0000000080000000,0x00000000b64d1420,0x00000000b6500000)
 Metaspace       used 117950K, committed 120128K, reserved 1179648K
  class space    used 11793K, committed 12800K, reserved 1048576K
}
Event: 3808.519 GC heap before
{Heap before GC invocations=9651 (full 12):
 PSYoungGen      total 9728K, used 9506K [0x00000000d5580000, 0x00000000d6000000, 0x0000000100000000)
  eden space 8704K, 100% used [0x00000000d5580000,0x00000000d5e00000,0x00000000d5e00000)
  from space 1024K, 78% used [0x00000000d5e00000,0x00000000d5ec8810,0x00000000d5f00000)
  to   space 1024K, 0% used [0x00000000d5f00000,0x00000000d5f00000,0x00000000d6000000)
 ParOldGen       total 889856K, used 889669K [0x0000000080000000, 0x00000000b6500000, 0x00000000d5580000)
  object space 889856K, 99% used [0x0000000080000000,0x00000000b64d1420,0x00000000b6500000)
 Metaspace       used 117951K, committed 120128K, reserved 1179648K
  class space    used 11793K, committed 12800K, reserved 1048576K
}
Event: 3808.522 GC heap after
{Heap after GC invocations=9651 (full 12):
 PSYoungGen      total 6656K, used 1012K [0x00000000d5580000, 0x00000000d6600000, 0x0000000100000000)
  eden space 5632K, 0% used [0x00000000d5580000,0x00000000d5580000,0x00000000d5b00000)
  from space 1024K, 98% used [0x00000000d5f00000,0x00000000d5ffd308,0x00000000d6000000)
  to   space 4096K, 0% used [0x00000000d5b00000,0x00000000d5b00000,0x00000000d5f00000)
 ParOldGen       total 892416K, used 892016K [0x0000000080000000, 0x00000000b6780000, 0x00000000d5580000)
  object space 892416K, 99% used [0x0000000080000000,0x00000000b671c3c0,0x00000000b6780000)
 Metaspace       used 117951K, committed 120128K, reserved 1179648K
  class space    used 11793K, committed 12800K, reserved 1048576K
}
Event: 3808.547 GC heap before
{Heap before GC invocations=9652 (full 12):
 PSYoungGen      total 6656K, used 6644K [0x00000000d5580000, 0x00000000d6600000, 0x0000000100000000)
  eden space 5632K, 100% used [0x00000000d5580000,0x00000000d5b00000,0x00000000d5b00000)
  from space 1024K, 98% used [0x00000000d5f00000,0x00000000d5ffd308,0x00000000d6000000)
  to   space 4096K, 0% used [0x00000000d5b00000,0x00000000d5b00000,0x00000000d5f00000)
 ParOldGen       total 892416K, used 892016K [0x0000000080000000, 0x00000000b6780000, 0x00000000d5580000)
  object space 892416K, 99% used [0x0000000080000000,0x00000000b671c3c0,0x00000000b6780000)
 Metaspace       used 117951K, committed 120128K, reserved 1179648K
  class space    used 11793K, committed 12800K, reserved 1048576K
}
Event: 3808.552 GC heap after
{Heap after GC invocations=9652 (full 12):
 PSYoungGen      total 9728K, used 4094K [0x00000000d5580000, 0x00000000d6700000, 0x0000000100000000)
  eden space 5632K, 0% used [0x00000000d5580000,0x00000000d5580000,0x00000000d5b00000)
  from space 4096K, 99% used [0x00000000d5b00000,0x00000000d5eff978,0x00000000d5f00000)
  to   space 6144K, 0% used [0x00000000d6100000,0x00000000d6100000,0x00000000d6700000)
 ParOldGen       total 893440K, used 893257K [0x0000000080000000, 0x00000000b6880000, 0x00000000d5580000)
  object space 893440K, 99% used [0x0000000080000000,0x00000000b6852428,0x00000000b6880000)
 Metaspace       used 117951K, committed 120128K, reserved 1179648K
  class space    used 11793K, committed 12800K, reserved 1048576K
}
Event: 3808.577 GC heap before
{Heap before GC invocations=9653 (full 12):
 PSYoungGen      total 9728K, used 9726K [0x00000000d5580000, 0x00000000d6700000, 0x0000000100000000)
  eden space 5632K, 100% used [0x00000000d5580000,0x00000000d5b00000,0x00000000d5b00000)
  from space 4096K, 99% used [0x00000000d5b00000,0x00000000d5eff978,0x00000000d5f00000)
  to   space 6144K, 0% used [0x00000000d6100000,0x00000000d6100000,0x00000000d6700000)
 ParOldGen       total 893440K, used 893257K [0x0000000080000000, 0x00000000b6880000, 0x00000000d5580000)
  object space 893440K, 99% used [0x0000000080000000,0x00000000b6852428,0x00000000b6880000)
 Metaspace       used 117951K, committed 120128K, reserved 1179648K
  class space    used 11793K, committed 12800K, reserved 1048576K
}
Event: 3808.583 GC heap after
{Heap after GC invocations=9653 (full 12):
 PSYoungGen      total 8704K, used 2817K [0x00000000d5580000, 0x00000000d6400000, 0x0000000100000000)
  eden space 5632K, 0% used [0x00000000d5580000,0x00000000d5580000,0x00000000d5b00000)
  from space 3072K, 91% used [0x00000000d6100000,0x00000000d63c0768,0x00000000d6400000)
  to   space 4096K, 0% used [0x00000000d5c00000,0x00000000d5c00000,0x00000000d6000000)
 ParOldGen       total 897536K, used 897366K [0x0000000080000000, 0x00000000b6c80000, 0x00000000d5580000)
  object space 897536K, 99% used [0x0000000080000000,0x00000000b6c559a0,0x00000000b6c80000)
 Metaspace       used 117951K, committed 120128K, reserved 1179648K
  class space    used 11793K, committed 12800K, reserved 1048576K
}
Event: 3808.718 GC heap before
{Heap before GC invocations=9654 (full 12):
 PSYoungGen      total 8704K, used 8449K [0x00000000d5580000, 0x00000000d6400000, 0x0000000100000000)
  eden space 5632K, 100% used [0x00000000d5580000,0x00000000d5b00000,0x00000000d5b00000)
  from space 3072K, 91% used [0x00000000d6100000,0x00000000d63c0768,0x00000000d6400000)
  to   space 4096K, 0% used [0x00000000d5c00000,0x00000000d5c00000,0x00000000d6000000)
 ParOldGen       total 897536K, used 897366K [0x0000000080000000, 0x00000000b6c80000, 0x00000000d5580000)
  object space 897536K, 99% used [0x0000000080000000,0x00000000b6c559a0,0x00000000b6c80000)
 Metaspace       used 117951K, committed 120128K, reserved 1179648K
  class space    used 11793K, committed 12800K, reserved 1048576K
}
Event: 3808.721 GC heap after
{Heap after GC invocations=9654 (full 12):
 PSYoungGen      total 6656K, used 762K [0x00000000d5580000, 0x00000000d6180000, 0x0000000100000000)
  eden space 5632K, 0% used [0x00000000d5580000,0x00000000d5580000,0x00000000d5b00000)
  from space 1024K, 74% used [0x00000000d5c00000,0x00000000d5cbe900,0x00000000d5d00000)
  to   space 2048K, 0% used [0x00000000d5f80000,0x00000000d5f80000,0x00000000d6180000)
 ParOldGen       total 898560K, used 898318K [0x0000000080000000, 0x00000000b6d80000, 0x00000000d5580000)
  object space 898560K, 99% used [0x0000000080000000,0x00000000b6d439a0,0x00000000b6d80000)
 Metaspace       used 117951K, committed 120128K, reserved 1179648K
  class space    used 11793K, committed 12800K, reserved 1048576K
}
Event: 3808.729 GC heap before
{Heap before GC invocations=9655 (full 12):
 PSYoungGen      total 6656K, used 6386K [0x00000000d5580000, 0x00000000d6180000, 0x0000000100000000)
  eden space 5632K, 99% used [0x00000000d5580000,0x00000000d5afe188,0x00000000d5b00000)
  from space 1024K, 74% used [0x00000000d5c00000,0x00000000d5cbe900,0x00000000d5d00000)
  to   space 2048K, 0% used [0x00000000d5f80000,0x00000000d5f80000,0x00000000d6180000)
 ParOldGen       total 898560K, used 898318K [0x0000000080000000, 0x00000000b6d80000, 0x00000000d5580000)
  object space 898560K, 99% used [0x0000000080000000,0x00000000b6d439a0,0x00000000b6d80000)
 Metaspace       used 117951K, committed 120128K, reserved 1179648K
  class space    used 11793K, committed 12800K, reserved 1048576K
}
Event: 3808.733 GC heap after
{Heap after GC invocations=9655 (full 12):
 PSYoungGen      total 6144K, used 384K [0x00000000d5580000, 0x00000000d6000000, 0x0000000100000000)
  eden space 5632K, 0% used [0x00000000d5580000,0x00000000d5580000,0x00000000d5b00000)
  from space 512K, 75% used [0x00000000d5f80000,0x00000000d5fe0000,0x00000000d6000000)
  to   space 1024K, 0% used [0x00000000d5e00000,0x00000000d5e00000,0x00000000d5f00000)
 ParOldGen       total 899072K, used 899026K [0x0000000080000000, 0x00000000b6e00000, 0x00000000d5580000)
  object space 899072K, 99% used [0x0000000080000000,0x00000000b6df4bb0,0x00000000b6e00000)
 Metaspace       used 117951K, committed 120128K, reserved 1179648K
  class space    used 11793K, committed 12800K, reserved 1048576K
}
Event: 3808.739 GC heap before
{Heap before GC invocations=9656 (full 12):
 PSYoungGen      total 6144K, used 6016K [0x00000000d5580000, 0x00000000d6000000, 0x0000000100000000)
  eden space 5632K, 100% used [0x00000000d5580000,0x00000000d5b00000,0x00000000d5b00000)
  from space 512K, 75% used [0x00000000d5f80000,0x00000000d5fe0000,0x00000000d6000000)
  to   space 1024K, 0% used [0x00000000d5e00000,0x00000000d5e00000,0x00000000d5f00000)
 ParOldGen       total 899072K, used 899026K [0x0000000080000000, 0x00000000b6e00000, 0x00000000d5580000)
  object space 899072K, 99% used [0x0000000080000000,0x00000000b6df4bb0,0x00000000b6e00000)
 Metaspace       used 117951K, committed 120128K, reserved 1179648K
  class space    used 11793K, committed 12800K, reserved 1048576K
}
Event: 3808.742 GC heap after
{Heap after GC invocations=9656 (full 12):
 PSYoungGen      total 8192K, used 733K [0x00000000d5580000, 0x00000000d6000000, 0x0000000100000000)
  eden space 7168K, 0% used [0x00000000d5580000,0x00000000d5580000,0x00000000d5c80000)
  from space 1024K, 71% used [0x00000000d5e00000,0x00000000d5eb7600,0x00000000d5f00000)
  to   space 1024K, 0% used [0x00000000d5f00000,0x00000000d5f00000,0x00000000d6000000)
 ParOldGen       total 899584K, used 899314K [0x0000000080000000, 0x00000000b6e80000, 0x00000000d5580000)
  object space 899584K, 99% used [0x0000000080000000,0x00000000b6e3cbb0,0x00000000b6e80000)
 Metaspace       used 117951K, committed 120128K, reserved 1179648K
  class space    used 11793K, committed 12800K, reserved 1048576K
}
Event: 3808.748 GC heap before
{Heap before GC invocations=9657 (full 12):
 PSYoungGen      total 8192K, used 7901K [0x00000000d5580000, 0x00000000d6000000, 0x0000000100000000)
  eden space 7168K, 100% used [0x00000000d5580000,0x00000000d5c80000,0x00000000d5c80000)
  from space 1024K, 71% used [0x00000000d5e00000,0x00000000d5eb7600,0x00000000d5f00000)
  to   space 1024K, 0% used [0x00000000d5f00000,0x00000000d5f00000,0x00000000d6000000)
 ParOldGen       total 899584K, used 899314K [0x0000000080000000, 0x00000000b6e80000, 0x00000000d5580000)
  object space 899584K, 99% used [0x0000000080000000,0x00000000b6e3cbb0,0x00000000b6e80000)
 Metaspace       used 117951K, committed 120128K, reserved 1179648K
  class space    used 11793K, committed 12800K, reserved 1048576K
}
Event: 3808.751 GC heap after
{Heap after GC invocations=9657 (full 12):
 PSYoungGen      total 9728K, used 720K [0x00000000d5580000, 0x00000000d6000000, 0x0000000100000000)
  eden space 8704K, 0% used [0x00000000d5580000,0x00000000d5580000,0x00000000d5e00000)
  from space 1024K, 70% used [0x00000000d5f00000,0x00000000d5fb4010,0x00000000d6000000)
  to   space 1024K, 0% used [0x00000000d5e00000,0x00000000d5e00000,0x00000000d5f00000)
 ParOldGen       total 900096K, used 899840K [0x0000000080000000, 0x00000000b6f00000, 0x00000000d5580000)
  object space 900096K, 99% used [0x0000000080000000,0x00000000b6ec01c0,0x00000000b6f00000)
 Metaspace       used 117951K, committed 120128K, reserved 1179648K
  class space    used 11793K, committed 12800K, reserved 1048576K
}
Event: 3808.768 GC heap before
{Heap before GC invocations=9658 (full 12):
 PSYoungGen      total 9728K, used 9424K [0x00000000d5580000, 0x00000000d6000000, 0x0000000100000000)
  eden space 8704K, 100% used [0x00000000d5580000,0x00000000d5e00000,0x00000000d5e00000)
  from space 1024K, 70% used [0x00000000d5f00000,0x00000000d5fb4010,0x00000000d6000000)
  to   space 1024K, 0% used [0x00000000d5e00000,0x00000000d5e00000,0x00000000d5f00000)
 ParOldGen       total 900096K, used 899840K [0x0000000080000000, 0x00000000b6f00000, 0x00000000d5580000)
  object space 900096K, 99% used [0x0000000080000000,0x00000000b6ec01c0,0x00000000b6f00000)
 Metaspace       used 117951K, committed 120128K, reserved 1179648K
  class space    used 11793K, committed 12800K, reserved 1048576K
}
Event: 3808.771 GC heap after
{Heap after GC invocations=9658 (full 12):
 PSYoungGen      total 9728K, used 1001K [0x00000000d5580000, 0x00000000d6300000, 0x0000000100000000)
  eden space 8704K, 0% used [0x00000000d5580000,0x00000000d5580000,0x00000000d5e00000)
  from space 1024K, 97% used [0x00000000d5e00000,0x00000000d5efa400,0x00000000d5f00000)
  to   space 1536K, 0% used [0x00000000d6180000,0x00000000d6180000,0x00000000d6300000)
 ParOldGen       total 900608K, used 900456K [0x0000000080000000, 0x00000000b6f80000, 0x00000000d5580000)
  object space 900608K, 99% used [0x0000000080000000,0x00000000b6f5a1d0,0x00000000b6f80000)
 Metaspace       used 117951K, committed 120128K, reserved 1179648K
  class space    used 11793K, committed 12800K, reserved 1048576K
}
Event: 3814.577 GC heap before
{Heap before GC invocations=9659 (full 12):
 PSYoungGen      total 9728K, used 9705K [0x00000000d5580000, 0x00000000d6300000, 0x0000000100000000)
  eden space 8704K, 100% used [0x00000000d5580000,0x00000000d5e00000,0x00000000d5e00000)
  from space 1024K, 97% used [0x00000000d5e00000,0x00000000d5efa400,0x00000000d5f00000)
  to   space 1536K, 0% used [0x00000000d6180000,0x00000000d6180000,0x00000000d6300000)
 ParOldGen       total 900608K, used 900456K [0x0000000080000000, 0x00000000b6f80000, 0x00000000d5580000)
  object space 900608K, 99% used [0x0000000080000000,0x00000000b6f5a1d0,0x00000000b6f80000)
 Metaspace       used 117952K, committed 120128K, reserved 1179648K
  class space    used 11793K, committed 12800K, reserved 1048576K
}
Event: 3814.580 GC heap after
{Heap after GC invocations=9659 (full 12):
 PSYoungGen      total 9216K, used 128K [0x00000000d5580000, 0x00000000d6200000, 0x0000000100000000)
  eden space 8704K, 0% used [0x00000000d5580000,0x00000000d5580000,0x00000000d5e00000)
  from space 512K, 25% used [0x00000000d6180000,0x00000000d61a0000,0x00000000d6200000)
  to   space 512K, 0% used [0x00000000d6100000,0x00000000d6100000,0x00000000d6180000)
 ParOldGen       total 901120K, used 900888K [0x0000000080000000, 0x00000000b7000000, 0x00000000d5580000)
  object space 901120K, 99% used [0x0000000080000000,0x00000000b6fc61d0,0x00000000b7000000)
 Metaspace       used 117952K, committed 120128K, reserved 1179648K
  class space    used 11793K, committed 12800K, reserved 1048576K
}

